2025-08-12 18:18:24.963 [info] [main] Log level: Info
2025-08-12 18:18:24.964 [info] [main] Validating found git in: "git"
2025-08-12 18:18:24.964 [info] [main] Using git "2.43.0" from "git"
2025-08-12 18:18:24.964 [info] [Model][doInitialScan] Initial repository scan started
2025-08-12 18:18:24.964 [info] > git rev-parse --show-toplevel [8ms]
2025-08-12 18:18:24.964 [info] fatal: not a git repository (or any parent up to mount point /)
Stopping at filesystem boundary (GIT_DISCOVERY_ACROSS_FILESYSTEM not set).
2025-08-12 18:18:24.964 [info] > git rev-parse --show-toplevel [23ms]
2025-08-12 18:18:24.964 [info] fatal: not a git repository (or any parent up to mount point /)
Stopping at filesystem boundary (GIT_DISCOVERY_ACROSS_FILESYSTEM not set).
2025-08-12 18:18:24.982 [info] > git rev-parse --show-toplevel [2ms]
2025-08-12 18:18:24.982 [info] fatal: not a git repository (or any parent up to mount point /)
Stopping at filesystem boundary (GIT_DISCOVERY_ACROSS_FILESYSTEM not set).
2025-08-12 18:18:24.989 [info] > git rev-parse --show-toplevel [2ms]
2025-08-12 18:18:24.989 [info] fatal: not a git repository (or any parent up to mount point /)
Stopping at filesystem boundary (GIT_DISCOVERY_ACROSS_FILESYSTEM not set).
2025-08-12 18:18:24.995 [info] > git rev-parse --show-toplevel [2ms]
2025-08-12 18:18:24.995 [info] fatal: not a git repository (or any parent up to mount point /)
Stopping at filesystem boundary (GIT_DISCOVERY_ACROSS_FILESYSTEM not set).
2025-08-12 18:18:25.001 [info] > git rev-parse --show-toplevel [2ms]
2025-08-12 18:18:25.001 [info] fatal: not a git repository (or any parent up to mount point /)
Stopping at filesystem boundary (GIT_DISCOVERY_ACROSS_FILESYSTEM not set).
2025-08-12 18:18:25.008 [info] > git rev-parse --show-toplevel [1ms]
2025-08-12 18:18:25.008 [info] fatal: not a git repository (or any parent up to mount point /)
Stopping at filesystem boundary (GIT_DISCOVERY_ACROSS_FILESYSTEM not set).
2025-08-12 18:18:25.014 [info] > git rev-parse --show-toplevel [1ms]
2025-08-12 18:18:25.014 [info] fatal: not a git repository (or any parent up to mount point /)
Stopping at filesystem boundary (GIT_DISCOVERY_ACROSS_FILESYSTEM not set).
2025-08-12 18:18:25.020 [info] > git rev-parse --show-toplevel [2ms]
2025-08-12 18:18:25.020 [info] fatal: not a git repository (or any parent up to mount point /)
Stopping at filesystem boundary (GIT_DISCOVERY_ACROSS_FILESYSTEM not set).
2025-08-12 18:18:25.025 [info] > git rev-parse --show-toplevel [1ms]
2025-08-12 18:18:25.026 [info] fatal: not a git repository (or any parent up to mount point /)
Stopping at filesystem boundary (GIT_DISCOVERY_ACROSS_FILESYSTEM not set).
2025-08-12 18:18:25.031 [info] > git rev-parse --show-toplevel [1ms]
2025-08-12 18:18:25.032 [info] fatal: not a git repository (or any parent up to mount point /)
Stopping at filesystem boundary (GIT_DISCOVERY_ACROSS_FILESYSTEM not set).
2025-08-12 18:18:25.038 [info] > git rev-parse --show-toplevel [1ms]
2025-08-12 18:18:25.038 [info] fatal: not a git repository (or any parent up to mount point /)
Stopping at filesystem boundary (GIT_DISCOVERY_ACROSS_FILESYSTEM not set).
2025-08-12 18:18:25.044 [info] > git rev-parse --show-toplevel [1ms]
2025-08-12 18:18:25.044 [info] fatal: not a git repository (or any parent up to mount point /)
Stopping at filesystem boundary (GIT_DISCOVERY_ACROSS_FILESYSTEM not set).
2025-08-12 18:18:25.051 [info] > git rev-parse --show-toplevel [2ms]
2025-08-12 18:18:25.051 [info] fatal: not a git repository (or any parent up to mount point /)
Stopping at filesystem boundary (GIT_DISCOVERY_ACROSS_FILESYSTEM not set).
2025-08-12 18:18:25.051 [info] [Model][doInitialScan] Initial repository scan completed - repositories (0), closed repositories (0), parent repositories (0), unsafe repositories (0)
2025-08-12 18:31:01.506 [info] > git rev-parse --show-toplevel [7ms]
2025-08-12 18:31:01.506 [info] fatal: not a git repository (or any parent up to mount point /)
Stopping at filesystem boundary (GIT_DISCOVERY_ACROSS_FILESYSTEM not set).
2025-08-12 18:31:45.776 [info] > git rev-parse --show-toplevel [4ms]
2025-08-12 18:31:45.776 [info] fatal: not a git repository (or any parent up to mount point /)
Stopping at filesystem boundary (GIT_DISCOVERY_ACROSS_FILESYSTEM not set).
2025-08-12 18:38:52.330 [info] > git rev-parse --show-toplevel [2ms]
2025-08-12 18:38:52.330 [info] fatal: not a git repository (or any parent up to mount point /)
Stopping at filesystem boundary (GIT_DISCOVERY_ACROSS_FILESYSTEM not set).
2025-08-12 18:39:37.653 [info] > git rev-parse --show-toplevel [2ms]
2025-08-12 18:39:37.653 [info] fatal: not a git repository (or any parent up to mount point /)
Stopping at filesystem boundary (GIT_DISCOVERY_ACROSS_FILESYSTEM not set).
2025-08-12 18:39:38.888 [info] > git rev-parse --show-toplevel [4ms]
2025-08-12 18:39:38.888 [info] fatal: not a git repository (or any parent up to mount point /)
Stopping at filesystem boundary (GIT_DISCOVERY_ACROSS_FILESYSTEM not set).
2025-08-12 18:40:09.544 [info] > git rev-parse --show-toplevel [3ms]
2025-08-12 18:40:09.545 [info] fatal: not a git repository (or any parent up to mount point /)
Stopping at filesystem boundary (GIT_DISCOVERY_ACROSS_FILESYSTEM not set).
2025-08-12 18:41:06.393 [info] > git rev-parse --show-toplevel [2ms]
2025-08-12 18:41:06.393 [info] fatal: not a git repository (or any parent up to mount point /)
Stopping at filesystem boundary (GIT_DISCOVERY_ACROSS_FILESYSTEM not set).
2025-08-12 18:47:17.928 [info] > git rev-parse --show-toplevel [3ms]
2025-08-12 18:47:17.928 [info] fatal: not a git repository (or any parent up to mount point /)
Stopping at filesystem boundary (GIT_DISCOVERY_ACROSS_FILESYSTEM not set).
