2025-08-22 09:15:25.077 [info] [main] Log level: Info
2025-08-22 09:15:25.077 [info] [main] Validating found git in: "git"
2025-08-22 09:15:25.077 [info] [main] Using git "2.43.0" from "git"
2025-08-22 09:15:25.077 [info] [Model][doInitialScan] Initial repository scan started
2025-08-22 09:15:25.077 [info] > git rev-parse --show-toplevel [144ms]
2025-08-22 09:15:25.077 [info] fatal: not a git repository (or any parent up to mount point /)
Stopping at filesystem boundary (GIT_DISCOVERY_ACROSS_FILESYSTEM not set).
2025-08-22 09:15:25.077 [info] > git rev-parse --show-toplevel [47ms]
2025-08-22 09:15:25.077 [info] fatal: not a git repository (or any parent up to mount point /)
Stopping at filesystem boundary (GIT_DISCOVERY_ACROSS_FILESYSTEM not set).
2025-08-22 09:15:25.097 [info] > git rev-parse --show-toplevel [7ms]
2025-08-22 09:15:25.098 [info] fatal: not a git repository (or any parent up to mount point /)
Stopping at filesystem boundary (GIT_DISCOVERY_ACROSS_FILESYSTEM not set).
2025-08-22 09:15:28.075 [info] > git rev-parse --show-toplevel [2970ms]
2025-08-22 09:15:28.075 [info] fatal: not a git repository (or any parent up to mount point /)
Stopping at filesystem boundary (GIT_DISCOVERY_ACROSS_FILESYSTEM not set).
2025-08-22 09:15:28.265 [info] > git rev-parse --show-toplevel [125ms]
2025-08-22 09:15:28.265 [info] fatal: not a git repository (or any parent up to mount point /)
Stopping at filesystem boundary (GIT_DISCOVERY_ACROSS_FILESYSTEM not set).
2025-08-22 09:15:28.584 [info] > git rev-parse --show-toplevel [7ms]
2025-08-22 09:15:28.585 [info] fatal: not a git repository (or any parent up to mount point /)
Stopping at filesystem boundary (GIT_DISCOVERY_ACROSS_FILESYSTEM not set).
2025-08-22 09:15:28.641 [info] > git rev-parse --show-toplevel [35ms]
2025-08-22 09:15:28.641 [info] fatal: not a git repository (or any parent up to mount point /)
Stopping at filesystem boundary (GIT_DISCOVERY_ACROSS_FILESYSTEM not set).
2025-08-22 09:15:28.666 [info] > git rev-parse --show-toplevel [3ms]
2025-08-22 09:15:28.667 [info] fatal: not a git repository (or any parent up to mount point /)
Stopping at filesystem boundary (GIT_DISCOVERY_ACROSS_FILESYSTEM not set).
2025-08-22 09:15:28.686 [info] > git rev-parse --show-toplevel [4ms]
2025-08-22 09:15:28.686 [info] fatal: not a git repository (or any parent up to mount point /)
Stopping at filesystem boundary (GIT_DISCOVERY_ACROSS_FILESYSTEM not set).
2025-08-22 09:15:28.701 [info] > git rev-parse --show-toplevel [4ms]
2025-08-22 09:15:28.701 [info] fatal: not a git repository (or any parent up to mount point /)
Stopping at filesystem boundary (GIT_DISCOVERY_ACROSS_FILESYSTEM not set).
2025-08-22 09:15:28.718 [info] > git rev-parse --show-toplevel [3ms]
2025-08-22 09:15:28.719 [info] fatal: not a git repository (or any parent up to mount point /)
Stopping at filesystem boundary (GIT_DISCOVERY_ACROSS_FILESYSTEM not set).
2025-08-22 09:15:28.738 [info] > git rev-parse --show-toplevel [7ms]
2025-08-22 09:15:28.738 [info] fatal: not a git repository (or any parent up to mount point /)
Stopping at filesystem boundary (GIT_DISCOVERY_ACROSS_FILESYSTEM not set).
2025-08-22 09:15:28.756 [info] > git rev-parse --show-toplevel [6ms]
2025-08-22 09:15:28.756 [info] fatal: not a git repository (or any parent up to mount point /)
Stopping at filesystem boundary (GIT_DISCOVERY_ACROSS_FILESYSTEM not set).
2025-08-22 09:15:28.772 [info] > git rev-parse --show-toplevel [2ms]
2025-08-22 09:15:28.773 [info] fatal: not a git repository (or any parent up to mount point /)
Stopping at filesystem boundary (GIT_DISCOVERY_ACROSS_FILESYSTEM not set).
2025-08-22 09:15:28.789 [info] > git rev-parse --show-toplevel [2ms]
2025-08-22 09:15:28.790 [info] fatal: not a git repository (or any parent up to mount point /)
Stopping at filesystem boundary (GIT_DISCOVERY_ACROSS_FILESYSTEM not set).
2025-08-22 09:15:28.823 [info] > git rev-parse --show-toplevel [20ms]
2025-08-22 09:15:28.823 [info] fatal: not a git repository (or any parent up to mount point /)
Stopping at filesystem boundary (GIT_DISCOVERY_ACROSS_FILESYSTEM not set).
2025-08-22 09:15:28.824 [info] [Model][doInitialScan] Initial repository scan completed - repositories (0), closed repositories (0), parent repositories (0), unsafe repositories (0)
