2025-08-22 12:29:22.531 [info] [main] Log level: Info
2025-08-22 12:29:22.531 [info] [main] Validating found git in: "git"
2025-08-22 12:29:22.531 [info] [main] Using git "2.43.0" from "git"
2025-08-22 12:29:22.531 [info] [Model][doInitialScan] Initial repository scan started
2025-08-22 12:29:22.531 [info] > git rev-parse --show-toplevel [9ms]
2025-08-22 12:29:22.531 [info] fatal: not a git repository (or any parent up to mount point /)
Stopping at filesystem boundary (GIT_DISCOVERY_ACROSS_FILESYSTEM not set).
2025-08-22 12:29:22.531 [info] > git rev-parse --show-toplevel [5ms]
2025-08-22 12:29:22.531 [info] fatal: not a git repository (or any parent up to mount point /)
Stopping at filesystem boundary (GIT_DISCOVERY_ACROSS_FILESYSTEM not set).
2025-08-22 12:29:22.540 [info] > git rev-parse --show-toplevel [2ms]
2025-08-22 12:29:22.540 [info] fatal: not a git repository (or any parent up to mount point /)
Stopping at filesystem boundary (GIT_DISCOVERY_ACROSS_FILESYSTEM not set).
2025-08-22 12:29:22.547 [info] > git rev-parse --show-toplevel [2ms]
2025-08-22 12:29:22.547 [info] fatal: not a git repository (or any parent up to mount point /)
Stopping at filesystem boundary (GIT_DISCOVERY_ACROSS_FILESYSTEM not set).
2025-08-22 12:29:22.554 [info] > git rev-parse --show-toplevel [1ms]
2025-08-22 12:29:22.554 [info] fatal: not a git repository (or any parent up to mount point /)
Stopping at filesystem boundary (GIT_DISCOVERY_ACROSS_FILESYSTEM not set).
2025-08-22 12:29:22.561 [info] > git rev-parse --show-toplevel [2ms]
2025-08-22 12:29:22.561 [info] fatal: not a git repository (or any parent up to mount point /)
Stopping at filesystem boundary (GIT_DISCOVERY_ACROSS_FILESYSTEM not set).
2025-08-22 12:29:22.568 [info] > git rev-parse --show-toplevel [2ms]
2025-08-22 12:29:22.568 [info] fatal: not a git repository (or any parent up to mount point /)
Stopping at filesystem boundary (GIT_DISCOVERY_ACROSS_FILESYSTEM not set).
2025-08-22 12:29:22.585 [info] > git rev-parse --show-toplevel [12ms]
2025-08-22 12:29:22.585 [info] fatal: not a git repository (or any parent up to mount point /)
Stopping at filesystem boundary (GIT_DISCOVERY_ACROSS_FILESYSTEM not set).
2025-08-22 12:29:22.593 [info] > git rev-parse --show-toplevel [2ms]
2025-08-22 12:29:22.593 [info] fatal: not a git repository (or any parent up to mount point /)
Stopping at filesystem boundary (GIT_DISCOVERY_ACROSS_FILESYSTEM not set).
2025-08-22 12:29:22.600 [info] > git rev-parse --show-toplevel [1ms]
2025-08-22 12:29:22.600 [info] fatal: not a git repository (or any parent up to mount point /)
Stopping at filesystem boundary (GIT_DISCOVERY_ACROSS_FILESYSTEM not set).
2025-08-22 12:29:22.607 [info] > git rev-parse --show-toplevel [2ms]
2025-08-22 12:29:22.607 [info] fatal: not a git repository (or any parent up to mount point /)
Stopping at filesystem boundary (GIT_DISCOVERY_ACROSS_FILESYSTEM not set).
2025-08-22 12:29:22.615 [info] > git rev-parse --show-toplevel [2ms]
2025-08-22 12:29:22.615 [info] fatal: not a git repository (or any parent up to mount point /)
Stopping at filesystem boundary (GIT_DISCOVERY_ACROSS_FILESYSTEM not set).
2025-08-22 12:29:22.625 [info] > git rev-parse --show-toplevel [3ms]
2025-08-22 12:29:22.625 [info] fatal: not a git repository (or any parent up to mount point /)
Stopping at filesystem boundary (GIT_DISCOVERY_ACROSS_FILESYSTEM not set).
2025-08-22 12:29:22.633 [info] > git rev-parse --show-toplevel [2ms]
2025-08-22 12:29:22.633 [info] fatal: not a git repository (or any parent up to mount point /)
Stopping at filesystem boundary (GIT_DISCOVERY_ACROSS_FILESYSTEM not set).
2025-08-22 12:29:22.657 [info] > git rev-parse --show-toplevel [11ms]
2025-08-22 12:29:22.657 [info] fatal: not a git repository (or any parent up to mount point /)
Stopping at filesystem boundary (GIT_DISCOVERY_ACROSS_FILESYSTEM not set).
2025-08-22 12:29:22.666 [info] > git rev-parse --show-toplevel [3ms]
2025-08-22 12:29:22.666 [info] fatal: not a git repository (or any parent up to mount point /)
Stopping at filesystem boundary (GIT_DISCOVERY_ACROSS_FILESYSTEM not set).
2025-08-22 12:29:22.667 [info] [Model][doInitialScan] Initial repository scan completed - repositories (0), closed repositories (0), parent repositories (0), unsafe repositories (0)
2025-08-22 12:34:31.392 [info] > git rev-parse --show-toplevel [2ms]
2025-08-22 12:34:31.401 [info] > git rev-parse --git-dir --git-common-dir [2ms]
2025-08-22 12:34:31.416 [info] [Model][openRepository] Opened repository (path): /home/sandraswiderekk
2025-08-22 12:34:31.417 [info] [Model][openRepository] Opened repository (real path): /home/sandraswiderekk
2025-08-22 12:34:31.438 [info] > git config --get commit.template [10ms]
2025-08-22 12:34:31.440 [info] > git for-each-ref --format=%(refname)%00%(upstream:short)%00%(objectname)%00%(upstream:track)%00%(upstream:remotename)%00%(upstream:remoteref) refs/heads/master refs/remotes/master [4ms]
2025-08-22 12:34:31.441 [warning] [Git][getBranch] No such branch: master
2025-08-22 12:34:31.461 [info] > git status -z -uall [13ms]
2025-08-22 12:34:31.466 [info] > git for-each-ref --sort -committerdate --format %(refname)%00%(objectname)%00%(*objectname) [8ms]
2025-08-22 12:34:31.504 [info] > git for-each-ref --format=%(refname)%00%(upstream:short)%00%(objectname)%00%(upstream:track)%00%(upstream:remotename)%00%(upstream:remoteref) refs/heads/master refs/remotes/master [14ms]
2025-08-22 12:34:31.504 [warning] [Git][getBranch] No such branch: master
2025-08-22 12:34:31.505 [error] [GitHistoryProvider][resolveHEADMergeBase] Failed to resolve merge base for master: Error: No such branch: master.
2025-08-22 12:34:31.512 [info] > git config --get commit.template [10ms]
2025-08-22 12:34:31.668 [info] > git for-each-ref --format=%(refname)%00%(upstream:short)%00%(objectname)%00%(upstream:track)%00%(upstream:remotename)%00%(upstream:remoteref) refs/heads/master refs/remotes/master [3ms]
2025-08-22 12:34:31.668 [warning] [Git][getBranch] No such branch: master
2025-08-22 12:34:31.686 [info] > git status -z -uall [10ms]
2025-08-22 12:34:31.691 [info] > git for-each-ref --sort -committerdate --format %(refname)%00%(objectname)%00%(*objectname) [8ms]
2025-08-22 12:34:32.123 [info] > git check-ignore -v -z --stdin [3ms]
