2025-08-16 12:43:05.022 [info] [main] Log level: Info
2025-08-16 12:43:05.022 [info] [main] Validating found git in: "git"
2025-08-16 12:43:05.022 [info] [main] Using git "2.43.0" from "git"
2025-08-16 12:43:05.022 [info] [Model][doInitialScan] Initial repository scan started
2025-08-16 12:43:05.022 [info] > git rev-parse --show-toplevel [5ms]
2025-08-16 12:43:05.022 [info] fatal: not a git repository (or any parent up to mount point /)
Stopping at filesystem boundary (GIT_DISCOVERY_ACROSS_FILESYSTEM not set).
2025-08-16 12:43:05.022 [info] > git rev-parse --show-toplevel [2ms]
2025-08-16 12:43:05.022 [info] fatal: not a git repository (or any parent up to mount point /)
Stopping at filesystem boundary (GIT_DISCOVERY_ACROSS_FILESYSTEM not set).
2025-08-16 12:43:05.022 [info] > git rev-parse --show-toplevel [3ms]
2025-08-16 12:43:05.022 [info] fatal: not a git repository (or any parent up to mount point /)
Stopping at filesystem boundary (GIT_DISCOVERY_ACROSS_FILESYSTEM not set).
2025-08-16 12:43:05.022 [info] > git rev-parse --show-toplevel [3ms]
2025-08-16 12:43:05.022 [info] fatal: not a git repository (or any parent up to mount point /)
Stopping at filesystem boundary (GIT_DISCOVERY_ACROSS_FILESYSTEM not set).
2025-08-16 12:43:05.022 [info] > git rev-parse --show-toplevel [7ms]
2025-08-16 12:43:05.022 [info] fatal: not a git repository (or any parent up to mount point /)
Stopping at filesystem boundary (GIT_DISCOVERY_ACROSS_FILESYSTEM not set).
2025-08-16 12:43:05.022 [info] > git rev-parse --show-toplevel [2ms]
2025-08-16 12:43:05.022 [info] fatal: not a git repository (or any parent up to mount point /)
Stopping at filesystem boundary (GIT_DISCOVERY_ACROSS_FILESYSTEM not set).
2025-08-16 12:43:05.022 [info] > git rev-parse --show-toplevel [2ms]
2025-08-16 12:43:05.022 [info] fatal: not a git repository (or any parent up to mount point /)
Stopping at filesystem boundary (GIT_DISCOVERY_ACROSS_FILESYSTEM not set).
2025-08-16 12:43:05.022 [info] > git rev-parse --show-toplevel [1ms]
2025-08-16 12:43:05.022 [info] fatal: not a git repository (or any parent up to mount point /)
Stopping at filesystem boundary (GIT_DISCOVERY_ACROSS_FILESYSTEM not set).
2025-08-16 12:43:05.022 [info] > git rev-parse --show-toplevel [3ms]
2025-08-16 12:43:05.022 [info] fatal: not a git repository (or any parent up to mount point /)
Stopping at filesystem boundary (GIT_DISCOVERY_ACROSS_FILESYSTEM not set).
2025-08-16 12:43:05.022 [info] > git rev-parse --show-toplevel [1ms]
2025-08-16 12:43:05.022 [info] fatal: not a git repository (or any parent up to mount point /)
Stopping at filesystem boundary (GIT_DISCOVERY_ACROSS_FILESYSTEM not set).
2025-08-16 12:43:05.022 [info] > git rev-parse --show-toplevel [2ms]
2025-08-16 12:43:05.022 [info] fatal: not a git repository (or any parent up to mount point /)
Stopping at filesystem boundary (GIT_DISCOVERY_ACROSS_FILESYSTEM not set).
2025-08-16 12:43:05.022 [info] > git rev-parse --show-toplevel [2ms]
2025-08-16 12:43:05.022 [info] fatal: not a git repository (or any parent up to mount point /)
Stopping at filesystem boundary (GIT_DISCOVERY_ACROSS_FILESYSTEM not set).
2025-08-16 12:43:05.023 [info] > git rev-parse --show-toplevel [2ms]
2025-08-16 12:43:05.023 [info] fatal: not a git repository (or any parent up to mount point /)
Stopping at filesystem boundary (GIT_DISCOVERY_ACROSS_FILESYSTEM not set).
2025-08-16 12:43:05.023 [info] > git rev-parse --show-toplevel [1ms]
2025-08-16 12:43:05.023 [info] fatal: not a git repository (or any parent up to mount point /)
Stopping at filesystem boundary (GIT_DISCOVERY_ACROSS_FILESYSTEM not set).
2025-08-16 12:43:05.023 [info] [Model][doInitialScan] Initial repository scan completed - repositories (0), closed repositories (0), parent repositories (0), unsafe repositories (0)
2025-08-16 12:43:05.023 [info] > git rev-parse --show-toplevel [10ms]
2025-08-16 12:43:05.023 [info] fatal: not a git repository (or any parent up to mount point /)
Stopping at filesystem boundary (GIT_DISCOVERY_ACROSS_FILESYSTEM not set).
2025-08-16 12:44:16.636 [info] > git rev-parse --show-toplevel [4ms]
2025-08-16 12:44:16.637 [info] fatal: not a git repository (or any parent up to mount point /)
Stopping at filesystem boundary (GIT_DISCOVERY_ACROSS_FILESYSTEM not set).
2025-08-16 12:53:52.884 [info] > git rev-parse --show-toplevel [2ms]
2025-08-16 12:53:52.884 [info] fatal: not a git repository (or any parent up to mount point /)
Stopping at filesystem boundary (GIT_DISCOVERY_ACROSS_FILESYSTEM not set).
2025-08-16 12:53:54.188 [info] > git rev-parse --show-toplevel [3ms]
2025-08-16 12:53:54.188 [info] fatal: not a git repository (or any parent up to mount point /)
Stopping at filesystem boundary (GIT_DISCOVERY_ACROSS_FILESYSTEM not set).
2025-08-16 12:54:05.674 [info] > git rev-parse --show-toplevel [3ms]
2025-08-16 12:54:05.674 [info] fatal: not a git repository (or any parent up to mount point /)
Stopping at filesystem boundary (GIT_DISCOVERY_ACROSS_FILESYSTEM not set).
2025-08-16 12:54:12.828 [info] > git rev-parse --show-toplevel [2ms]
2025-08-16 12:54:12.828 [info] fatal: not a git repository (or any parent up to mount point /)
Stopping at filesystem boundary (GIT_DISCOVERY_ACROSS_FILESYSTEM not set).
