2025-08-12 08:55:39.290 [info] [main] Log level: Info
2025-08-12 08:55:39.291 [info] [main] Validating found git in: "git"
2025-08-12 08:55:39.291 [info] [main] Using git "2.43.0" from "git"
2025-08-12 08:55:39.291 [info] [Model][doInitialScan] Initial repository scan started
2025-08-12 08:55:39.291 [info] > git rev-parse --show-toplevel [20ms]
2025-08-12 08:55:39.291 [info] fatal: not a git repository (or any parent up to mount point /)
Stopping at filesystem boundary (GIT_DISCOVERY_ACROSS_FILESYSTEM not set).
2025-08-12 08:55:39.291 [info] > git rev-parse --show-toplevel [18ms]
2025-08-12 08:55:39.291 [info] fatal: not a git repository (or any parent up to mount point /)
Stopping at filesystem boundary (GIT_DISCOVERY_ACROSS_FILESYSTEM not set).
2025-08-12 08:55:39.291 [info] > git rev-parse --show-toplevel [1ms]
2025-08-12 08:55:39.291 [info] fatal: not a git repository (or any parent up to mount point /)
Stopping at filesystem boundary (GIT_DISCOVERY_ACROSS_FILESYSTEM not set).
2025-08-12 08:55:39.292 [info] > git rev-parse --show-toplevel [4ms]
2025-08-12 08:55:39.292 [info] fatal: not a git repository (or any parent up to mount point /)
Stopping at filesystem boundary (GIT_DISCOVERY_ACROSS_FILESYSTEM not set).
2025-08-12 08:55:39.300 [info] > git rev-parse --show-toplevel [3ms]
2025-08-12 08:55:39.300 [info] fatal: not a git repository (or any parent up to mount point /)
Stopping at filesystem boundary (GIT_DISCOVERY_ACROSS_FILESYSTEM not set).
2025-08-12 08:55:39.307 [info] > git rev-parse --show-toplevel [2ms]
2025-08-12 08:55:39.308 [info] fatal: not a git repository (or any parent up to mount point /)
Stopping at filesystem boundary (GIT_DISCOVERY_ACROSS_FILESYSTEM not set).
2025-08-12 08:55:39.314 [info] > git rev-parse --show-toplevel [2ms]
2025-08-12 08:55:39.314 [info] fatal: not a git repository (or any parent up to mount point /)
Stopping at filesystem boundary (GIT_DISCOVERY_ACROSS_FILESYSTEM not set).
2025-08-12 08:55:39.319 [info] > git rev-parse --show-toplevel [2ms]
2025-08-12 08:55:39.319 [info] fatal: not a git repository (or any parent up to mount point /)
Stopping at filesystem boundary (GIT_DISCOVERY_ACROSS_FILESYSTEM not set).
2025-08-12 08:55:39.326 [info] > git rev-parse --show-toplevel [2ms]
2025-08-12 08:55:39.326 [info] fatal: not a git repository (or any parent up to mount point /)
Stopping at filesystem boundary (GIT_DISCOVERY_ACROSS_FILESYSTEM not set).
2025-08-12 08:55:39.331 [info] > git rev-parse --show-toplevel [2ms]
2025-08-12 08:55:39.331 [info] fatal: not a git repository (or any parent up to mount point /)
Stopping at filesystem boundary (GIT_DISCOVERY_ACROSS_FILESYSTEM not set).
2025-08-12 08:55:39.338 [info] > git rev-parse --show-toplevel [2ms]
2025-08-12 08:55:39.338 [info] fatal: not a git repository (or any parent up to mount point /)
Stopping at filesystem boundary (GIT_DISCOVERY_ACROSS_FILESYSTEM not set).
2025-08-12 08:55:39.344 [info] > git rev-parse --show-toplevel [2ms]
2025-08-12 08:55:39.344 [info] fatal: not a git repository (or any parent up to mount point /)
Stopping at filesystem boundary (GIT_DISCOVERY_ACROSS_FILESYSTEM not set).
2025-08-12 08:55:39.349 [info] > git rev-parse --show-toplevel [2ms]
2025-08-12 08:55:39.349 [info] fatal: not a git repository (or any parent up to mount point /)
Stopping at filesystem boundary (GIT_DISCOVERY_ACROSS_FILESYSTEM not set).
2025-08-12 08:55:39.447 [info] > git rev-parse --show-toplevel [92ms]
2025-08-12 08:55:39.447 [info] fatal: not a git repository (or any parent up to mount point /)
Stopping at filesystem boundary (GIT_DISCOVERY_ACROSS_FILESYSTEM not set).
2025-08-12 08:55:39.447 [info] [Model][doInitialScan] Initial repository scan completed - repositories (0), closed repositories (0), parent repositories (0), unsafe repositories (0)
