Initializing document watcher...
Document watcher initialized
sandraswiderekk/kursy_function/main.py: {}
sandraswiderekk/kursy_function/main.py: {}
sandraswiderekk/kursy_function/main.py: {}
sandraswiderekk/gdp_function/main.py: {}
sandraswiderekk/gdp_function/main.py: {}
sandraswiderekk/gdp_function/main.py: {}
sandraswiderekk/gdp_function/main.py: {}
sandraswiderekk/gdp_function/main.py: {}
sandraswiderekk/gdp_function/main.py: {}
sandraswiderekk/gus_function/main.py: {}
sandraswiderekk/kursy_function/main.py: {}
sandraswiderekk/gus_function/main.py: {}
sandraswiderekk/gdp_function/main.py: {}
sandraswiderekk/gdp_function/main.py: {}
sandraswiderekk/gdp_function/main.py: Using EditorConfig core...
sandraswiderekk/gdp_function/main.py: {}
sandraswiderekk/gdp_function/main.py: Using EditorConfig core...
sandraswiderekk/gdp_function/main.py: Using EditorConfig core...
sandraswiderekk/gdp_function/main.py: Using EditorConfig core...
sandraswiderekk/gdp_function/main.py: {}
sandraswiderekk/gdp_function/main.py: {}
sandraswiderekk/gdp_function/main.py: {}
sandraswiderekk/gdp_function/main.py: Using EditorConfig core...
sandraswiderekk/gdp_function/main.py: Using EditorConfig core...
sandraswiderekk/gdp_function/main.py: {}
