2025-08-05 21:21:26.522 [warning] Dir "/home/sandraswiderekk/.pixi/envs" is not watchable (directory does not exist)
2025-08-05 21:21:26.522 [info] Running installed packages checker:  {
  id: '/bin/python',
  sysPrefix: '/usr',
  envType: 'Global',
  envName: '',
  envPath: '',
  path: '/bin/python',
  architecture: 3,
  sysVersion: '3.12.3 (main, Jun 18 2025, 17:59:45) [GCC 13.3.0]',
  version: {
    raw: '3.12.3',
    major: 3,
    minor: 12,
    patch: 3,
    build: [],
    prerelease: [ 'final', '0' ]
  },
  displayName: 'Python 3.12.3 64-bit',
  detailedDisplayName: 'Python 3.12.3 64-bit',
  type: undefined
} /google/devshell/editor/code-oss-for-cloud-shell/extensions/ms-python.python/python_files/installed_check.py /home/sandraswiderekk/gdp_function/requirements.txt
2025-08-05 21:21:26.522 [info] > /bin/python /google/devshell/editor/code-oss-for-cloud-shell/extensions/ms-python.python/python_files/installed_check.py ./gdp_function/requirements.txt
2025-08-05 21:21:26.522 [info] Python interpreter path: /bin/python
2025-08-05 21:21:26.624 [info] > pyenv which python
2025-08-05 21:21:26.624 [info] cwd: .
2025-08-05 21:21:30.059 [info] Starting Jedi language server for sandraswiderekk.
2025-08-05 22:17:13.605 [info] Discover tests for workspace name: sandraswiderekk - uri: /home/sandraswiderekk/gdp_function/main.py
2025-08-05 22:17:16.434 [info] Discover tests for workspace name: sandraswiderekk - uri: /home/sandraswiderekk/gdp_function/main.py
2025-08-05 22:17:19.463 [info] Discover tests for workspace name: sandraswiderekk - uri: /home/sandraswiderekk/gdp_function/main.py
2025-08-05 22:17:23.514 [info] Discover tests for workspace name: sandraswiderekk - uri: /home/sandraswiderekk/gdp_function/main.py
2025-08-05 22:18:57.353 [info] Discover tests for workspace name: sandraswiderekk - uri: /home/sandraswiderekk/gdp_function/main.py
2025-08-05 22:19:00.620 [info] Discover tests for workspace name: sandraswiderekk - uri: /home/sandraswiderekk/gdp_function/main.py
2025-08-05 22:21:53.598 [info] Discover tests for workspace name: sandraswiderekk - uri: /home/sandraswiderekk/gdp_function/main.py
2025-08-05 22:21:55.580 [info] Discover tests for workspace name: sandraswiderekk - uri: /home/sandraswiderekk/gdp_function/main.py
2025-08-05 22:23:42.381 [info] Discover tests for workspace name: sandraswiderekk - uri: /home/sandraswiderekk/gdp_function/main.py
2025-08-05 22:23:42.721 [info] Discover tests for workspace name: sandraswiderekk - uri: /home/sandraswiderekk/gdp_function/main.py
2025-08-05 22:25:54.667 [info] Discover tests for workspace name: sandraswiderekk - uri: /home/sandraswiderekk/gdp_function/main.py
2025-08-05 22:26:07.349 [info] Discover tests for workspace name: sandraswiderekk - uri: /home/sandraswiderekk/gdp_function/main.py
2025-08-05 22:26:09.217 [info] Discover tests for workspace name: sandraswiderekk - uri: /home/sandraswiderekk/gdp_function/main.py
2025-08-05 22:26:18.197 [info] Discover tests for workspace name: sandraswiderekk - uri: /home/sandraswiderekk/gdp_function/main.py
2025-08-05 22:26:33.166 [info] Discover tests for workspace name: sandraswiderekk - uri: /home/sandraswiderekk/gdp_function/main.py
2025-08-05 22:26:35.455 [info] Discover tests for workspace name: sandraswiderekk - uri: /home/sandraswiderekk/gdp_function/main.py
2025-08-05 22:26:45.690 [info] Discover tests for workspace name: sandraswiderekk - uri: /home/sandraswiderekk/gdp_function/main.py
2025-08-05 22:34:42.399 [info] Discover tests for workspace name: sandraswiderekk - uri: /home/sandraswiderekk/gdp_function/main.py
2025-08-05 22:34:44.092 [info] Discover tests for workspace name: sandraswiderekk - uri: /home/sandraswiderekk/gdp_function/main.py
2025-08-05 22:34:46.795 [info] Discover tests for workspace name: sandraswiderekk - uri: /home/sandraswiderekk/gdp_function/main.py
2025-08-05 22:34:48.243 [info] Discover tests for workspace name: sandraswiderekk - uri: /home/sandraswiderekk/gdp_function/main.py
2025-08-05 22:59:31.377 [info] Discover tests for workspace name: sandraswiderekk - uri: /home/sandraswiderekk/kursy_function/main.py
2025-08-05 22:59:41.034 [info] Running installed packages checker:  {
  id: '/bin/python',
  sysPrefix: '/usr',
  envType: 'Global',
  envName: '',
  envPath: '',
  path: '/bin/python',
  architecture: 3,
  sysVersion: '3.12.3 (main, Jun 18 2025, 17:59:45) [GCC 13.3.0]',
  version: {
    raw: '3.12.3',
    major: 3,
    minor: 12,
    patch: 3,
    build: [],
    prerelease: [ 'final', '0' ]
  },
  displayName: 'Python 3.12.3 64-bit',
  detailedDisplayName: 'Python 3.12.3 64-bit',
  type: undefined
} /google/devshell/editor/code-oss-for-cloud-shell/extensions/ms-python.python/python_files/installed_check.py /home/sandraswiderekk/kursy_function/requirements.txt
2025-08-05 22:59:41.034 [info] > /bin/python /google/devshell/editor/code-oss-for-cloud-shell/extensions/ms-python.python/python_files/installed_check.py ./kursy_function/requirements.txt
2025-08-05 22:59:52.747 [info] Running installed packages checker:  {
  id: '/bin/python',
  sysPrefix: '/usr',
  envType: 'Global',
  envName: '',
  envPath: '',
  path: '/bin/python',
  architecture: 3,
  sysVersion: '3.12.3 (main, Jun 18 2025, 17:59:45) [GCC 13.3.0]',
  version: {
    raw: '3.12.3',
    major: 3,
    minor: 12,
    patch: 3,
    build: [],
    prerelease: [ 'final', '0' ]
  },
  displayName: 'Python 3.12.3 64-bit',
  detailedDisplayName: 'Python 3.12.3 64-bit',
  type: undefined
} /google/devshell/editor/code-oss-for-cloud-shell/extensions/ms-python.python/python_files/installed_check.py /home/sandraswiderekk/kursy_function/requirements.txt
2025-08-05 22:59:52.747 [info] > /bin/python /google/devshell/editor/code-oss-for-cloud-shell/extensions/ms-python.python/python_files/installed_check.py ./kursy_function/requirements.txt
2025-08-05 22:59:53.749 [info] Running installed packages checker:  {
  id: '/bin/python',
  sysPrefix: '/usr',
  envType: 'Global',
  envName: '',
  envPath: '',
  path: '/bin/python',
  architecture: 3,
  sysVersion: '3.12.3 (main, Jun 18 2025, 17:59:45) [GCC 13.3.0]',
  version: {
    raw: '3.12.3',
    major: 3,
    minor: 12,
    patch: 3,
    build: [],
    prerelease: [ 'final', '0' ]
  },
  displayName: 'Python 3.12.3 64-bit',
  detailedDisplayName: 'Python 3.12.3 64-bit',
  type: undefined
} /google/devshell/editor/code-oss-for-cloud-shell/extensions/ms-python.python/python_files/installed_check.py /home/sandraswiderekk/kursy_function/requirements.txt
2025-08-05 22:59:53.749 [info] > /bin/python /google/devshell/editor/code-oss-for-cloud-shell/extensions/ms-python.python/python_files/installed_check.py ./kursy_function/requirements.txt
2025-08-05 22:59:56.421 [info] Discover tests for workspace name: sandraswiderekk - uri: /home/sandraswiderekk/kursy_function/main.py
2025-08-05 23:09:58.356 [info] Discover tests for workspace name: sandraswiderekk - uri: /home/sandraswiderekk/kursy_function/main.py
2025-08-05 23:13:46.022 [info] Discover tests for workspace name: sandraswiderekk - uri: /home/sandraswiderekk/kursy_function/main.py
2025-08-05 23:14:15.841 [info] Discover tests for workspace name: sandraswiderekk - uri: /home/sandraswiderekk/kursy_function/main.py
2025-08-05 23:14:21.635 [info] Discover tests for workspace name: sandraswiderekk - uri: /home/sandraswiderekk/kursy_function/main.py
2025-08-05 23:14:38.678 [info] Discover tests for workspace name: sandraswiderekk - uri: /home/sandraswiderekk/kursy_function/main.py
2025-08-05 23:14:44.043 [info] Discover tests for workspace name: sandraswiderekk - uri: /home/sandraswiderekk/kursy_function/main.py
2025-08-05 23:16:38.706 [info] Discover tests for workspace name: sandraswiderekk - uri: /home/sandraswiderekk/kursy_function/main.py
2025-08-05 23:16:39.028 [info] Discover tests for workspace name: sandraswiderekk - uri: /home/sandraswiderekk/kursy_function/main.py
2025-08-05 23:19:27.869 [info] Discover tests for workspace name: sandraswiderekk - uri: /home/sandraswiderekk/kursy_function/main.py
2025-08-05 23:19:36.581 [info] Discover tests for workspace name: sandraswiderekk - uri: /home/sandraswiderekk/kursy_function/main.py
2025-08-05 23:20:05.947 [info] Discover tests for workspace name: sandraswiderekk - uri: /home/sandraswiderekk/kursy_function/main.py
2025-08-05 23:20:07.494 [info] Discover tests for workspace name: sandraswiderekk - uri: /home/sandraswiderekk/kursy_function/main.py
2025-08-05 23:20:18.552 [info] Discover tests for workspace name: sandraswiderekk - uri: /home/sandraswiderekk/kursy_function/main.py
2025-08-05 23:20:19.858 [info] Discover tests for workspace name: sandraswiderekk - uri: /home/sandraswiderekk/kursy_function/main.py
2025-08-05 23:20:22.655 [info] Discover tests for workspace name: sandraswiderekk - uri: /home/sandraswiderekk/kursy_function/main.py
2025-08-05 23:20:36.465 [info] Discover tests for workspace name: sandraswiderekk - uri: /home/sandraswiderekk/kursy_function/main.py
2025-08-05 23:20:40.127 [info] Discover tests for workspace name: sandraswiderekk - uri: /home/sandraswiderekk/kursy_function/main.py
2025-08-05 23:26:06.909 [info] Discover tests for workspace name: sandraswiderekk - uri: /home/sandraswiderekk/kursy_function/main.py
2025-08-05 23:30:21.264 [info] Discover tests for workspace name: sandraswiderekk - uri: /home/sandraswiderekk/kursy_function/main.py
2025-08-05 23:33:29.846 [info] Discover tests for workspace name: sandraswiderekk - uri: /home/sandraswiderekk/kursy_function/main.py
