Initializing document watcher...
Document watcher initialized
/User/settings.json: Using EditorConfig core...
sandraswiderekk/main.py: {}
sandraswiderekk/main.py: {}
sandraswiderekk/main.py: {}
sandraswiderekk/main.py: {}
sandraswiderekk/bdl-function/benzyna_20250731.json: {}
sandraswiderekk/bdl-function/benzyna_raw.json: {}
sandraswiderekk/bdl-function/main.py: {}
sandraswiderekk/bdl-function/monthly.py: {}
sandraswiderekk/bdl-function/requirements.txt: {}
sandraswiderekk/gus_function/main.py: {}
sandraswiderekk/gus_function/main.py: {}
sandraswiderekk/gdp_function/main.py: {}
sandraswiderekk/gdp_function/main.py: {}
sandraswiderekk/gdp_function/main.py: Using EditorConfig core...
sandraswiderekk/gdp_function/requirements.txt: {}
sandraswiderekk/gdp_function/requirements.txt: {}
sandraswiderekk/gdp_function/requirements.txt: Using EditorConfig core...
sandraswiderekk/gdp_function/main.py: {}
sandraswiderekk/gdp_function/main.py: Using EditorConfig core...
sandraswiderekk/gdp_function/requirements.txt: {}
sandraswiderekk/gdp_function/requirements.txt: Using EditorConfig core...
