2025-08-05 21:05:18.084 [info] [main] Log level: Info
2025-08-05 21:05:18.084 [info] [main] Validating found git in: "git"
2025-08-05 21:05:18.084 [info] [main] Using git "2.43.0" from "git"
2025-08-05 21:05:18.084 [info] [Model][doInitialScan] Initial repository scan started
2025-08-05 21:05:18.084 [info] > git rev-parse --show-toplevel [55ms]
2025-08-05 21:05:18.084 [info] fatal: not a git repository (or any parent up to mount point /)
Stopping at filesystem boundary (GIT_DISCOVERY_ACROSS_FILESYSTEM not set).
2025-08-05 21:05:18.093 [info] > git rev-parse --show-toplevel [2ms]
2025-08-05 21:05:18.093 [info] fatal: not a git repository (or any parent up to mount point /)
Stopping at filesystem boundary (GIT_DISCOVERY_ACROSS_FILESYSTEM not set).
2025-08-05 21:05:18.103 [info] > git rev-parse --show-toplevel [6ms]
2025-08-05 21:05:18.103 [info] fatal: not a git repository (or any parent up to mount point /)
Stopping at filesystem boundary (GIT_DISCOVERY_ACROSS_FILESYSTEM not set).
2025-08-05 21:05:18.112 [info] > git rev-parse --show-toplevel [4ms]
2025-08-05 21:05:18.112 [info] fatal: not a git repository (or any parent up to mount point /)
Stopping at filesystem boundary (GIT_DISCOVERY_ACROSS_FILESYSTEM not set).
2025-08-05 21:05:18.120 [info] > git rev-parse --show-toplevel [2ms]
2025-08-05 21:05:18.120 [info] fatal: not a git repository (or any parent up to mount point /)
Stopping at filesystem boundary (GIT_DISCOVERY_ACROSS_FILESYSTEM not set).
2025-08-05 21:05:18.125 [info] > git rev-parse --show-toplevel [1ms]
2025-08-05 21:05:18.126 [info] fatal: not a git repository (or any parent up to mount point /)
Stopping at filesystem boundary (GIT_DISCOVERY_ACROSS_FILESYSTEM not set).
2025-08-05 21:05:18.133 [info] > git rev-parse --show-toplevel [3ms]
2025-08-05 21:05:18.133 [info] fatal: not a git repository (or any parent up to mount point /)
Stopping at filesystem boundary (GIT_DISCOVERY_ACROSS_FILESYSTEM not set).
2025-08-05 21:05:18.139 [info] > git rev-parse --show-toplevel [2ms]
2025-08-05 21:05:18.139 [info] fatal: not a git repository (or any parent up to mount point /)
Stopping at filesystem boundary (GIT_DISCOVERY_ACROSS_FILESYSTEM not set).
2025-08-05 21:05:18.146 [info] > git rev-parse --show-toplevel [2ms]
2025-08-05 21:05:18.146 [info] fatal: not a git repository (or any parent up to mount point /)
Stopping at filesystem boundary (GIT_DISCOVERY_ACROSS_FILESYSTEM not set).
2025-08-05 21:05:18.151 [info] > git rev-parse --show-toplevel [2ms]
2025-08-05 21:05:18.151 [info] fatal: not a git repository (or any parent up to mount point /)
Stopping at filesystem boundary (GIT_DISCOVERY_ACROSS_FILESYSTEM not set).
2025-08-05 21:05:18.157 [info] > git rev-parse --show-toplevel [1ms]
2025-08-05 21:05:18.157 [info] fatal: not a git repository (or any parent up to mount point /)
Stopping at filesystem boundary (GIT_DISCOVERY_ACROSS_FILESYSTEM not set).
2025-08-05 21:05:18.162 [info] > git rev-parse --show-toplevel [2ms]
2025-08-05 21:05:18.162 [info] fatal: not a git repository (or any parent up to mount point /)
Stopping at filesystem boundary (GIT_DISCOVERY_ACROSS_FILESYSTEM not set).
2025-08-05 21:05:18.162 [info] [Model][doInitialScan] Initial repository scan completed - repositories (0), closed repositories (0), parent repositories (0), unsafe repositories (0)
2025-08-05 21:05:20.305 [info] > git rev-parse --show-toplevel [10ms]
2025-08-05 21:05:20.305 [info] fatal: not a git repository (or any parent up to mount point /)
Stopping at filesystem boundary (GIT_DISCOVERY_ACROSS_FILESYSTEM not set).
2025-08-05 21:05:28.085 [info] > git rev-parse --show-toplevel [2ms]
2025-08-05 21:05:28.085 [info] fatal: not a git repository (or any parent up to mount point /)
Stopping at filesystem boundary (GIT_DISCOVERY_ACROSS_FILESYSTEM not set).
2025-08-05 21:09:57.889 [info] > git rev-parse --show-toplevel [3ms]
2025-08-05 21:09:57.890 [info] fatal: not a git repository (or any parent up to mount point /)
Stopping at filesystem boundary (GIT_DISCOVERY_ACROSS_FILESYSTEM not set).
2025-08-05 21:09:59.724 [info] > git rev-parse --show-toplevel [3ms]
2025-08-05 21:09:59.724 [info] fatal: not a git repository (or any parent up to mount point /)
Stopping at filesystem boundary (GIT_DISCOVERY_ACROSS_FILESYSTEM not set).
2025-08-05 21:10:01.626 [info] > git rev-parse --show-toplevel [2ms]
2025-08-05 21:10:01.626 [info] fatal: not a git repository (or any parent up to mount point /)
Stopping at filesystem boundary (GIT_DISCOVERY_ACROSS_FILESYSTEM not set).
2025-08-05 21:10:09.175 [info] > git rev-parse --show-toplevel [2ms]
2025-08-05 21:10:09.175 [info] fatal: not a git repository (or any parent up to mount point /)
Stopping at filesystem boundary (GIT_DISCOVERY_ACROSS_FILESYSTEM not set).
2025-08-05 21:10:12.752 [info] > git rev-parse --show-toplevel [5ms]
2025-08-05 21:10:12.752 [info] fatal: not a git repository (or any parent up to mount point /)
Stopping at filesystem boundary (GIT_DISCOVERY_ACROSS_FILESYSTEM not set).
2025-08-05 21:10:17.160 [info] > git rev-parse --show-toplevel [2ms]
2025-08-05 21:10:17.160 [info] fatal: not a git repository (or any parent up to mount point /)
Stopping at filesystem boundary (GIT_DISCOVERY_ACROSS_FILESYSTEM not set).
2025-08-05 21:10:57.415 [info] > git rev-parse --show-toplevel [2ms]
2025-08-05 21:10:57.415 [info] fatal: not a git repository (or any parent up to mount point /)
Stopping at filesystem boundary (GIT_DISCOVERY_ACROSS_FILESYSTEM not set).
2025-08-05 21:11:52.879 [info] > git rev-parse --show-toplevel [2ms]
2025-08-05 21:11:52.879 [info] fatal: not a git repository (or any parent up to mount point /)
Stopping at filesystem boundary (GIT_DISCOVERY_ACROSS_FILESYSTEM not set).
2025-08-05 21:12:01.464 [info] > git rev-parse --show-toplevel [2ms]
2025-08-05 21:12:01.464 [info] fatal: not a git repository (or any parent up to mount point /)
Stopping at filesystem boundary (GIT_DISCOVERY_ACROSS_FILESYSTEM not set).
2025-08-05 21:12:06.895 [info] > git rev-parse --show-toplevel [2ms]
2025-08-05 21:12:06.895 [info] fatal: not a git repository (or any parent up to mount point /)
Stopping at filesystem boundary (GIT_DISCOVERY_ACROSS_FILESYSTEM not set).
